E:\DATABASE315\DB315\DB315\DEBUG\ATTRIBUTETYPETUPLE.CPP.NATIVECODEANALYSIS.XML
E:\DATABASE315\DB315\DB315\DEBUG\ATTRIBUTETYPETUPLE.OBJ
E:\DATABASE315\DB315\DB315\DEBUG\VC110.PDB
E:\DATABASE315\DB315\DB315\DEBUG\DATABASE.CPP.NATIVECODEANALYSIS.XML
E:\DATABASE315\DB315\DB315\DEBUG\DATABASE.OBJ
E:\DATABASE315\DB315\DB315\DEBUG\MAINTEST.CPP.NATIVECODEANALYSIS.XML
E:\DATABASE315\DB315\DB315\DEBUG\MAINTEST.OBJ
E:\DATABASE315\DB315\DB315\DEBUG\RECORD.CPP.NATIVECODEANALYSIS.XML
E:\DATABASE315\DB315\DB315\DEBUG\RECORD.OBJ
E:\DATABASE315\DB315\DB315\DEBUG\TABLE.CPP.NATIVECODEANALYSIS.XML
E:\DATABASE315\DB315\DB315\DEBUG\TABLE.OBJ
E:\database315\db315\db315\Debug\AttributeTypeTuple.obj
E:\database315\db315\db315\Debug\Database.obj
E:\database315\db315\db315\Debug\maintest.obj
E:\database315\db315\db315\Debug\Record.obj
E:\database315\db315\db315\Debug\Table.obj
E:\database315\db315\db315\Debug\cl.command.1.tlog
E:\database315\db315\db315\Debug\CL.read.1.tlog
E:\database315\db315\db315\Debug\CL.write.1.tlog
E:\database315\db315\db315\Debug\link.command.1.tlog
E:\database315\db315\db315\Debug\link.read.1.tlog
E:\database315\db315\db315\Debug\link.write.1.tlog
E:\database315\db315\db315\Debug\vc110.idb
E:\database315\db315\db315\Debug\vc110.pdb
E:\database315\db315\db315\Debug\AttributeTypeTuple.cpp.nativecodeanalysis.xml
E:\database315\db315\db315\Debug\Database.cpp.nativecodeanalysis.xml
E:\database315\db315\db315\Debug\maintest.cpp.nativecodeanalysis.xml
E:\database315\db315\db315\Debug\Record.cpp.nativecodeanalysis.xml
E:\database315\db315\db315\Debug\Table.cpp.nativecodeanalysis.xml
