Build started 2/27/2013 8:16:04 PM.
     1>Project "C:\Users\Sarah\Documents\Visual Studio 2012\Projects\Database\Application\Application\Application.vcxproj" on node 2 (Build target(s)).
     1>ClCompile:
         C:\Program Files (x86)\Microsoft Visual Studio 11.0\VC\bin\CL.exe /c /ZI /nologo /W3 /WX- /Od /Oy- /D WIN32 /D _DEBUG /D _CONSOLE /D _UNICODE /D UNICODE /Gm /EHsc /RTC1 /MDd /GS /fp:precise /Zc:wchar_t /Zc:forScope /Fo"Debug\\" /Fd"Debug\vc110.pdb" /Gd /TP /analyze- /errorReport:prompt menu.cpp
         menu.cpp
     1>c:\users\sarah\documents\visual studio 2012\projects\database\application\application\record.h(83): warning C4251: 'Record::vec' : class 'std::vector<_Ty>' needs to have dll-interface to be used by clients of class 'Record'
                 with
                 [
                     _Ty=std::string
                 ]
     1>c:\users\sarah\documents\visual studio 2012\projects\database\application\application\table.h(108): warning C4251: 'Table::attributes' : class 'std::vector<_Ty>' needs to have dll-interface to be used by clients of class 'Table'
                 with
                 [
                     _Ty=Table::Attribute
                 ]
     1>c:\users\sarah\documents\visual studio 2012\projects\database\application\application\table.h(109): warning C4251: 'Table::records' : class 'std::vector<_Ty>' needs to have dll-interface to be used by clients of class 'Table'
                 with
                 [
                     _Ty=Record
                 ]
     1>c:\users\sarah\documents\visual studio 2012\projects\database\application\application\menu.cpp(34): warning C4018: '<' : signed/unsigned mismatch
     1>c:\users\sarah\documents\visual studio 2012\projects\database\application\application\menu.cpp(51): warning C4018: '<' : signed/unsigned mismatch
     1>c:\users\sarah\documents\visual studio 2012\projects\database\application\application\menu.cpp(72): warning C4018: '<' : signed/unsigned mismatch
     1>c:\users\sarah\documents\visual studio 2012\projects\database\application\application\menu.cpp(104): warning C4018: '<' : signed/unsigned mismatch
     1>c:\users\sarah\documents\visual studio 2012\projects\database\application\application\menu.cpp(129): warning C4018: '<' : signed/unsigned mismatch
       Link:
         C:\Program Files (x86)\Microsoft Visual Studio 11.0\VC\bin\link.exe /ERRORREPORT:PROMPT /OUT:"C:\Users\Sarah\Documents\Visual Studio 2012\Projects\Database\Application\Debug\Application.exe" /INCREMENTAL /NOLOGO DBteam01.lib kernel32.lib user32.lib gdi32.lib winspool.lib comdlg32.lib advapi32.lib shell32.lib ole32.lib oleaut32.lib uuid.lib odbc32.lib odbccp32.lib /MANIFEST /MANIFESTUAC:"level='asInvoker' uiAccess='false'" /manifest:embed /DEBUG /PDB:"C:\Users\Sarah\Documents\Visual Studio 2012\Projects\Database\Application\Debug\Application.pdb" /SUBSYSTEM:CONSOLE /TLBID:1 /DYNAMICBASE /NXCOMPAT /IMPLIB:"C:\Users\Sarah\Documents\Visual Studio 2012\Projects\Database\Application\Debug\Application.lib" /MACHINE:X86 Debug\menu.obj
         Application.vcxproj -> C:\Users\Sarah\Documents\Visual Studio 2012\Projects\Database\Application\Debug\Application.exe
     1>Done Building Project "C:\Users\Sarah\Documents\Visual Studio 2012\Projects\Database\Application\Application\Application.vcxproj" (Build target(s)).

Build succeeded.

Time Elapsed 00:00:03.96
