E:\DATABASE315\OTHERTEAMAPP2\DBAPPLICATION\DBAPPLICATION\DEBUG\VC110.PDB
E:\DATABASE315\OTHERTEAMAPP2\DBAPPLICATION\DBAPPLICATION\DEBUG\MENU.OBJ
E:\database315\otherTeamApp2\DBApplication\Debug\DBApplication.lib
E:\database315\otherTeamApp2\DBApplication\Debug\DBApplication.exp
E:\DATABASE315\OTHERTEAMAPP2\DBAPPLICATION\DEBUG\DBAPPLICATION.ILK
E:\DATABASE315\OTHERTEAMAPP2\DBAPPLICATION\DEBUG\DBAPPLICATION.EXE
E:\DATABASE315\OTHERTEAMAPP2\DBAPPLICATION\DEBUG\DBAPPLICATION.PDB
E:\database315\otherTeamApp2\DBApplication\DBApplication\Debug\menu.obj
E:\database315\otherTeamApp2\DBApplication\DBApplication\Debug\cl.command.1.tlog
E:\database315\otherTeamApp2\DBApplication\DBApplication\Debug\CL.read.1.tlog
E:\database315\otherTeamApp2\DBApplication\DBApplication\Debug\CL.write.1.tlog
E:\database315\otherTeamApp2\DBApplication\DBApplication\Debug\DBApplication.write.1.tlog
E:\database315\otherTeamApp2\DBApplication\DBApplication\Debug\link-cvtres.read.1.tlog
E:\database315\otherTeamApp2\DBApplication\DBApplication\Debug\link-cvtres.write.1.tlog
E:\database315\otherTeamApp2\DBApplication\DBApplication\Debug\link-rc.read.1.tlog
E:\database315\otherTeamApp2\DBApplication\DBApplication\Debug\link-rc.write.1.tlog
E:\database315\otherTeamApp2\DBApplication\DBApplication\Debug\link.2024-cvtres.read.1.tlog
E:\database315\otherTeamApp2\DBApplication\DBApplication\Debug\link.2024-cvtres.write.1.tlog
E:\database315\otherTeamApp2\DBApplication\DBApplication\Debug\link.2024-rc.read.1.tlog
E:\database315\otherTeamApp2\DBApplication\DBApplication\Debug\link.2024-rc.write.1.tlog
E:\database315\otherTeamApp2\DBApplication\DBApplication\Debug\link.2024.read.1.tlog
E:\database315\otherTeamApp2\DBApplication\DBApplication\Debug\link.2024.write.1.tlog
E:\database315\otherTeamApp2\DBApplication\DBApplication\Debug\link.2196-cvtres.read.1.tlog
E:\database315\otherTeamApp2\DBApplication\DBApplication\Debug\link.2196-cvtres.write.1.tlog
E:\database315\otherTeamApp2\DBApplication\DBApplication\Debug\link.2196-rc.read.1.tlog
E:\database315\otherTeamApp2\DBApplication\DBApplication\Debug\link.2196-rc.write.1.tlog
E:\database315\otherTeamApp2\DBApplication\DBApplication\Debug\link.2196.read.1.tlog
E:\database315\otherTeamApp2\DBApplication\DBApplication\Debug\link.2196.write.1.tlog
E:\database315\otherTeamApp2\DBApplication\DBApplication\Debug\link.2256-cvtres.read.1.tlog
E:\database315\otherTeamApp2\DBApplication\DBApplication\Debug\link.2256-cvtres.write.1.tlog
E:\database315\otherTeamApp2\DBApplication\DBApplication\Debug\link.2256-rc.read.1.tlog
E:\database315\otherTeamApp2\DBApplication\DBApplication\Debug\link.2256-rc.write.1.tlog
E:\database315\otherTeamApp2\DBApplication\DBApplication\Debug\link.2256.read.1.tlog
E:\database315\otherTeamApp2\DBApplication\DBApplication\Debug\link.2256.write.1.tlog
E:\database315\otherTeamApp2\DBApplication\DBApplication\Debug\link.2392-cvtres.read.1.tlog
E:\database315\otherTeamApp2\DBApplication\DBApplication\Debug\link.2392-cvtres.write.1.tlog
E:\database315\otherTeamApp2\DBApplication\DBApplication\Debug\link.2392-rc.read.1.tlog
E:\database315\otherTeamApp2\DBApplication\DBApplication\Debug\link.2392-rc.write.1.tlog
E:\database315\otherTeamApp2\DBApplication\DBApplication\Debug\link.2392.read.1.tlog
E:\database315\otherTeamApp2\DBApplication\DBApplication\Debug\link.2392.write.1.tlog
E:\database315\otherTeamApp2\DBApplication\DBApplication\Debug\link.2712-cvtres.read.1.tlog
E:\database315\otherTeamApp2\DBApplication\DBApplication\Debug\link.2712-cvtres.write.1.tlog
E:\database315\otherTeamApp2\DBApplication\DBApplication\Debug\link.2712-rc.read.1.tlog
E:\database315\otherTeamApp2\DBApplication\DBApplication\Debug\link.2712-rc.write.1.tlog
E:\database315\otherTeamApp2\DBApplication\DBApplication\Debug\link.2712.read.1.tlog
E:\database315\otherTeamApp2\DBApplication\DBApplication\Debug\link.2712.write.1.tlog
E:\database315\otherTeamApp2\DBApplication\DBApplication\Debug\link.2720-cvtres.read.1.tlog
E:\database315\otherTeamApp2\DBApplication\DBApplication\Debug\link.2720-cvtres.write.1.tlog
E:\database315\otherTeamApp2\DBApplication\DBApplication\Debug\link.2720-rc.read.1.tlog
E:\database315\otherTeamApp2\DBApplication\DBApplication\Debug\link.2720-rc.write.1.tlog
E:\database315\otherTeamApp2\DBApplication\DBApplication\Debug\link.2720.read.1.tlog
E:\database315\otherTeamApp2\DBApplication\DBApplication\Debug\link.2720.write.1.tlog
E:\database315\otherTeamApp2\DBApplication\DBApplication\Debug\link.2756-cvtres.read.1.tlog
E:\database315\otherTeamApp2\DBApplication\DBApplication\Debug\link.2756-cvtres.write.1.tlog
E:\database315\otherTeamApp2\DBApplication\DBApplication\Debug\link.2756-rc.read.1.tlog
E:\database315\otherTeamApp2\DBApplication\DBApplication\Debug\link.2756-rc.write.1.tlog
E:\database315\otherTeamApp2\DBApplication\DBApplication\Debug\link.2756.read.1.tlog
E:\database315\otherTeamApp2\DBApplication\DBApplication\Debug\link.2756.write.1.tlog
E:\database315\otherTeamApp2\DBApplication\DBApplication\Debug\link.2996-cvtres.read.1.tlog
E:\database315\otherTeamApp2\DBApplication\DBApplication\Debug\link.2996-cvtres.write.1.tlog
E:\database315\otherTeamApp2\DBApplication\DBApplication\Debug\link.2996-rc.read.1.tlog
E:\database315\otherTeamApp2\DBApplication\DBApplication\Debug\link.2996-rc.write.1.tlog
E:\database315\otherTeamApp2\DBApplication\DBApplication\Debug\link.2996.read.1.tlog
E:\database315\otherTeamApp2\DBApplication\DBApplication\Debug\link.2996.write.1.tlog
E:\database315\otherTeamApp2\DBApplication\DBApplication\Debug\link.3192-cvtres.read.1.tlog
E:\database315\otherTeamApp2\DBApplication\DBApplication\Debug\link.3192-cvtres.write.1.tlog
E:\database315\otherTeamApp2\DBApplication\DBApplication\Debug\link.3192-rc.read.1.tlog
E:\database315\otherTeamApp2\DBApplication\DBApplication\Debug\link.3192-rc.write.1.tlog
E:\database315\otherTeamApp2\DBApplication\DBApplication\Debug\link.3192.read.1.tlog
E:\database315\otherTeamApp2\DBApplication\DBApplication\Debug\link.3192.write.1.tlog
E:\database315\otherTeamApp2\DBApplication\DBApplication\Debug\link.3460-cvtres.read.1.tlog
E:\database315\otherTeamApp2\DBApplication\DBApplication\Debug\link.3460-cvtres.write.1.tlog
E:\database315\otherTeamApp2\DBApplication\DBApplication\Debug\link.3460-rc.read.1.tlog
E:\database315\otherTeamApp2\DBApplication\DBApplication\Debug\link.3460-rc.write.1.tlog
E:\database315\otherTeamApp2\DBApplication\DBApplication\Debug\link.3460.read.1.tlog
E:\database315\otherTeamApp2\DBApplication\DBApplication\Debug\link.3460.write.1.tlog
E:\database315\otherTeamApp2\DBApplication\DBApplication\Debug\link.3696-cvtres.read.1.tlog
E:\database315\otherTeamApp2\DBApplication\DBApplication\Debug\link.3696-cvtres.write.1.tlog
E:\database315\otherTeamApp2\DBApplication\DBApplication\Debug\link.3696-rc.read.1.tlog
E:\database315\otherTeamApp2\DBApplication\DBApplication\Debug\link.3696-rc.write.1.tlog
E:\database315\otherTeamApp2\DBApplication\DBApplication\Debug\link.3696.read.1.tlog
E:\database315\otherTeamApp2\DBApplication\DBApplication\Debug\link.3696.write.1.tlog
E:\database315\otherTeamApp2\DBApplication\DBApplication\Debug\link.3832-cvtres.read.1.tlog
E:\database315\otherTeamApp2\DBApplication\DBApplication\Debug\link.3832-cvtres.write.1.tlog
E:\database315\otherTeamApp2\DBApplication\DBApplication\Debug\link.3832-rc.read.1.tlog
E:\database315\otherTeamApp2\DBApplication\DBApplication\Debug\link.3832-rc.write.1.tlog
E:\database315\otherTeamApp2\DBApplication\DBApplication\Debug\link.3832.read.1.tlog
E:\database315\otherTeamApp2\DBApplication\DBApplication\Debug\link.3832.write.1.tlog
E:\database315\otherTeamApp2\DBApplication\DBApplication\Debug\link.3856-cvtres.read.1.tlog
E:\database315\otherTeamApp2\DBApplication\DBApplication\Debug\link.3856-cvtres.write.1.tlog
E:\database315\otherTeamApp2\DBApplication\DBApplication\Debug\link.3856-rc.read.1.tlog
E:\database315\otherTeamApp2\DBApplication\DBApplication\Debug\link.3856-rc.write.1.tlog
E:\database315\otherTeamApp2\DBApplication\DBApplication\Debug\link.3856.read.1.tlog
E:\database315\otherTeamApp2\DBApplication\DBApplication\Debug\link.3856.write.1.tlog
E:\database315\otherTeamApp2\DBApplication\DBApplication\Debug\link.3900-cvtres.read.1.tlog
E:\database315\otherTeamApp2\DBApplication\DBApplication\Debug\link.3900-cvtres.write.1.tlog
E:\database315\otherTeamApp2\DBApplication\DBApplication\Debug\link.3900-rc.read.1.tlog
E:\database315\otherTeamApp2\DBApplication\DBApplication\Debug\link.3900-rc.write.1.tlog
E:\database315\otherTeamApp2\DBApplication\DBApplication\Debug\link.3900.read.1.tlog
E:\database315\otherTeamApp2\DBApplication\DBApplication\Debug\link.3900.write.1.tlog
E:\database315\otherTeamApp2\DBApplication\DBApplication\Debug\link.4060-cvtres.read.1.tlog
E:\database315\otherTeamApp2\DBApplication\DBApplication\Debug\link.4060-cvtres.write.1.tlog
E:\database315\otherTeamApp2\DBApplication\DBApplication\Debug\link.4060-rc.read.1.tlog
E:\database315\otherTeamApp2\DBApplication\DBApplication\Debug\link.4060-rc.write.1.tlog
E:\database315\otherTeamApp2\DBApplication\DBApplication\Debug\link.4060.read.1.tlog
E:\database315\otherTeamApp2\DBApplication\DBApplication\Debug\link.4060.write.1.tlog
E:\database315\otherTeamApp2\DBApplication\DBApplication\Debug\link.4064-cvtres.read.1.tlog
E:\database315\otherTeamApp2\DBApplication\DBApplication\Debug\link.4064-cvtres.write.1.tlog
E:\database315\otherTeamApp2\DBApplication\DBApplication\Debug\link.4064-rc.read.1.tlog
E:\database315\otherTeamApp2\DBApplication\DBApplication\Debug\link.4064-rc.write.1.tlog
E:\database315\otherTeamApp2\DBApplication\DBApplication\Debug\link.4064.read.1.tlog
E:\database315\otherTeamApp2\DBApplication\DBApplication\Debug\link.4064.write.1.tlog
E:\database315\otherTeamApp2\DBApplication\DBApplication\Debug\link.756-cvtres.read.1.tlog
E:\database315\otherTeamApp2\DBApplication\DBApplication\Debug\link.756-cvtres.write.1.tlog
E:\database315\otherTeamApp2\DBApplication\DBApplication\Debug\link.756-rc.read.1.tlog
E:\database315\otherTeamApp2\DBApplication\DBApplication\Debug\link.756-rc.write.1.tlog
E:\database315\otherTeamApp2\DBApplication\DBApplication\Debug\link.756.read.1.tlog
E:\database315\otherTeamApp2\DBApplication\DBApplication\Debug\link.756.write.1.tlog
E:\database315\otherTeamApp2\DBApplication\DBApplication\Debug\link.command.1.tlog
E:\database315\otherTeamApp2\DBApplication\DBApplication\Debug\link.read.1.tlog
E:\database315\otherTeamApp2\DBApplication\DBApplication\Debug\link.write.1.tlog
E:\database315\otherTeamApp2\DBApplication\DBApplication\Debug\vc110.idb
E:\database315\otherTeamApp2\DBApplication\DBApplication\Debug\vc110.pdb
E:\database315\otherTeamApp2\DBApplication\Debug\DBApplication.pdb
E:\database315\otherTeamApp2\DBApplication\Debug\DBApplication.exe
E:\database315\otherTeamApp2\DBApplication\Debug\DBApplication.ilk
